<?xml version="1.0" encoding="UTF-8"?>
<!-- Generated by org.testng.reporters.JUnitReportReporter -->
<testsuite skipped="0" hostname="xyzPC" name="com.crm.qa.testcases.HomePageTest" tests="10" failures="0" timestamp="25 Jan 2018 16:52:28 GMT" time="22.787" errors="0">
  <testcase name="setUp" time="10.754" classname="com.crm.qa.testcases.HomePageTest"/>
  <testcase name="AddPost" time="1.625" classname="com.crm.qa.testcases.HomePageTest"/>
  <testcase name="AddNewLinkForPost" time="1.322" classname="com.crm.qa.testcases.HomePageTest"/>
  <testcase name="EnterTitleForPost" time="0.377" classname="com.crm.qa.testcases.HomePageTest"/>
  <testcase name="VerifyPostInPreviewPage" time="2.225" classname="com.crm.qa.testcases.HomePageTest"/>
  <testcase name="AddTag" time="0.231" classname="com.crm.qa.testcases.HomePageTest"/>
  <testcase name="SelectRadio" time="4.385" classname="com.crm.qa.testcases.HomePageTest"/>
  <testcase name="SelectScreenOptionInHomePage" time="0.444" classname="com.crm.qa.testcases.HomePageTest"/>
  <testcase name="ClickPreviewBtn" time="0.301" classname="com.crm.qa.testcases.HomePageTest"/>
  <testcase name="LogoutFromUrl" time="1.123" classname="com.crm.qa.testcases.HomePageTest"/>
</testsuite> <!-- com.crm.qa.testcases.HomePageTest -->
